{
  "stats": {
    "suites": 1,
    "tests": 1,
    "passes": 1,
    "pending": 0,
    "failures": 0,
    "start": "2024-02-14T21:46:00.496Z",
    "end": "2024-02-14T21:46:04.030Z",
    "duration": 3534,
    "testsRegistered": 1,
    "passPercent": 100,
    "pendingPercent": 0,
    "other": 0,
    "hasOther": false,
    "skipped": 0,
    "hasSkipped": false
  },
  "results": [
    {
      "uuid": "b18c9543-4b29-4585-9425-3b8d4efab476",
      "title": "",
      "fullFile": "cypress\\e2e\\cadastro-incorreto.cy.js",
      "file": "cypress\\e2e\\cadastro-incorreto.cy.js",
      "beforeHooks": [],
      "afterHooks": [],
      "tests": [],
      "suites": [
        {
          "uuid": "567de69b-8a77-405a-b2a0-bf0031bb1bc5",
          "title": "Página de cadastro",
          "fullFile": "",
          "file": "",
          "beforeHooks": [],
          "afterHooks": [],
          "tests": [
            {
              "title": "Preencher os campos do formulário incorretamente e exibir mensagens ao usuário",
              "fullTitle": "Página de cadastro Preencher os campos do formulário incorretamente e exibir mensagens ao usuário",
              "timedOut": null,
              "duration": 1733,
              "state": "passed",
              "speed": "fast",
              "pass": true,
              "fail": false,
              "pending": false,
              "context": null,
              "code": "cy.visit('https://adopet-frontend-iota.vercel.app/');\ncy.get('[data-test=\"register-button\"]').click();\ncy.get('[data-test=\"submit-button\"]').click();\ncy.contains('É necessário informar um endereço de email').should('be.visible');\ncy.contains('Crie uma senha').should('be.visible');\ncy.contains('Repita a senha criada acima').should('be.visible');",
              "err": {},
              "uuid": "d9171065-eb77-4e85-9062-3eaac5b671fc",
              "parentUUID": "567de69b-8a77-405a-b2a0-bf0031bb1bc5",
              "isHook": false,
              "skipped": false
            }
          ],
          "suites": [],
          "passes": [
            "d9171065-eb77-4e85-9062-3eaac5b671fc"
          ],
          "failures": [],
          "pending": [],
          "skipped": [],
          "duration": 1733,
          "root": false,
          "rootEmpty": false,
          "_timeout": 2000
        }
      ],
      "passes": [],
      "failures": [],
      "pending": [],
      "skipped": [],
      "duration": 0,
      "root": true,
      "rootEmpty": true,
      "_timeout": 2000
    }
  ],
  "meta": {
    "mocha": {
      "version": "7.0.1"
    },
    "mochawesome": {
      "options": {
        "quiet": false,
        "reportFilename": "mochawesome",
        "saveHtml": true,
        "saveJson": true,
        "consoleReporter": "spec",
        "useInlineDiffs": false,
        "code": true
      },
      "version": "7.1.3"
    },
    "marge": {
      "options": {
        "reportDir": "cypress/results",
        "overwrite": false,
        "html": true,
        "json": true,
        "timestamp": "mmddyyyy_HHMMss"
      },
      "version": "6.2.0"
    }
  }
}