{
  "stats": {
    "suites": 1,
    "tests": 1,
    "passes": 1,
    "pending": 0,
    "failures": 0,
    "start": "2024-02-26T15:08:34.083Z",
    "end": "2024-02-26T15:08:41.581Z",
    "duration": 7498,
    "testsRegistered": 1,
    "passPercent": 100,
    "pendingPercent": 0,
    "other": 0,
    "hasOther": false,
    "skipped": 0,
    "hasSkipped": false
  },
  "results": [
    {
      "uuid": "a0a419de-34da-491f-865a-88d63df45ed1",
      "title": "",
      "fullFile": "cypress\\e2e\\cadastro-correto-pobjects.cy.js",
      "file": "cypress\\e2e\\cadastro-correto-pobjects.cy.js",
      "beforeHooks": [],
      "afterHooks": [],
      "tests": [],
      "suites": [
        {
          "uuid": "ebf4238d-99b7-4603-9330-51719e45b9fd",
          "title": "Página de cadastro",
          "fullFile": "",
          "file": "",
          "beforeHooks": [],
          "afterHooks": [],
          "tests": [
            {
              "title": "Deve preencher os campos do formulário corretamente para cadastrar um novo usuário",
              "fullTitle": "Página de cadastro Deve preencher os campos do formulário corretamente para cadastrar um novo usuário",
              "timedOut": null,
              "duration": 4915,
              "state": "passed",
              "speed": "fast",
              "pass": true,
              "fail": false,
              "pending": false,
              "context": null,
              "code": "_paginaCadastro.default.acessarPaginaDeCadastro();\n_paginaCadastro.default.preencherFormulario();\n_paginaCadastro.default.submeterCadastro();",
              "err": {},
              "uuid": "bb3299c9-f8b8-443b-9fa1-734fdedbe5a9",
              "parentUUID": "ebf4238d-99b7-4603-9330-51719e45b9fd",
              "isHook": false,
              "skipped": false
            }
          ],
          "suites": [],
          "passes": [
            "bb3299c9-f8b8-443b-9fa1-734fdedbe5a9"
          ],
          "failures": [],
          "pending": [],
          "skipped": [],
          "duration": 4915,
          "root": false,
          "rootEmpty": false,
          "_timeout": 2000
        }
      ],
      "passes": [],
      "failures": [],
      "pending": [],
      "skipped": [],
      "duration": 0,
      "root": true,
      "rootEmpty": true,
      "_timeout": 2000
    }
  ],
  "meta": {
    "mocha": {
      "version": "7.0.1"
    },
    "mochawesome": {
      "options": {
        "quiet": false,
        "reportFilename": "mochawesome",
        "saveHtml": true,
        "saveJson": true,
        "consoleReporter": "spec",
        "useInlineDiffs": false,
        "code": true
      },
      "version": "7.1.3"
    },
    "marge": {
      "options": {
        "reportDir": "cypress/results",
        "overwrite": false,
        "html": true,
        "json": true,
        "timestamp": "mmddyyyy_HHMMss"
      },
      "version": "6.2.0"
    }
  }
}