{
  "stats": {
    "suites": 1,
    "tests": 6,
    "passes": 6,
    "pending": 0,
    "failures": 0,
    "start": "2024-02-26T14:27:50.391Z",
    "end": "2024-02-26T14:28:16.714Z",
    "duration": 26323,
    "testsRegistered": 6,
    "passPercent": 100,
    "pendingPercent": 0,
    "other": 0,
    "hasOther": false,
    "skipped": 0,
    "hasSkipped": false
  },
  "results": [
    {
      "uuid": "90f8346e-24c8-463f-9564-9bcb41eafef8",
      "title": "",
      "fullFile": "cypress\\e2e\\cadastro-massa.cy.js",
      "file": "cypress\\e2e\\cadastro-massa.cy.js",
      "beforeHooks": [],
      "afterHooks": [],
      "tests": [],
      "suites": [
        {
          "uuid": "78339322-4ed6-469f-8870-dc1759a54636",
          "title": "Página de cadastro",
          "fullFile": "",
          "file": "",
          "beforeHooks": [],
          "afterHooks": [],
          "tests": [
            {
              "title": "Deve preencher os campos do formulário corretamente para cadastrar um novo usuário",
              "fullTitle": "Página de cadastro Deve preencher os campos do formulário corretamente para cadastrar um novo usuário",
              "timedOut": null,
              "duration": 4307,
              "state": "passed",
              "speed": "fast",
              "pass": true,
              "fail": false,
              "pending": false,
              "context": null,
              "code": "cy.get('[data-test=\"input-name\"]').focus().clear().type(usuario.name);\ncy.get('[data-test=\"input-email\"]').focus().clear().type(usuario.email);\ncy.get('[data-test=\"input-password\"]').focus().clear().type(usuario.password);\ncy.get('[data-test=\"input-confirm-password\"]').focus().clear().type(usuario.password);\ncy.get('[data-test=\"submit-button\"]').click();\ncy.wait(1000);",
              "err": {},
              "uuid": "3f3dca50-348e-4e4c-90fe-5fb31058392a",
              "parentUUID": "78339322-4ed6-469f-8870-dc1759a54636",
              "isHook": false,
              "skipped": false
            },
            {
              "title": "Deve preencher os campos do formulário corretamente para cadastrar um novo usuário",
              "fullTitle": "Página de cadastro Deve preencher os campos do formulário corretamente para cadastrar um novo usuário",
              "timedOut": null,
              "duration": 3853,
              "state": "passed",
              "speed": "fast",
              "pass": true,
              "fail": false,
              "pending": false,
              "context": null,
              "code": "cy.get('[data-test=\"input-name\"]').focus().clear().type(usuario.name);\ncy.get('[data-test=\"input-email\"]').focus().clear().type(usuario.email);\ncy.get('[data-test=\"input-password\"]').focus().clear().type(usuario.password);\ncy.get('[data-test=\"input-confirm-password\"]').focus().clear().type(usuario.password);\ncy.get('[data-test=\"submit-button\"]').click();\ncy.wait(1000);",
              "err": {},
              "uuid": "8e313aa9-e8ee-41b8-a877-edb599152bf5",
              "parentUUID": "78339322-4ed6-469f-8870-dc1759a54636",
              "isHook": false,
              "skipped": false
            },
            {
              "title": "Deve preencher os campos do formulário corretamente para cadastrar um novo usuário",
              "fullTitle": "Página de cadastro Deve preencher os campos do formulário corretamente para cadastrar um novo usuário",
              "timedOut": null,
              "duration": 4215,
              "state": "passed",
              "speed": "fast",
              "pass": true,
              "fail": false,
              "pending": false,
              "context": null,
              "code": "cy.get('[data-test=\"input-name\"]').focus().clear().type(usuario.name);\ncy.get('[data-test=\"input-email\"]').focus().clear().type(usuario.email);\ncy.get('[data-test=\"input-password\"]').focus().clear().type(usuario.password);\ncy.get('[data-test=\"input-confirm-password\"]').focus().clear().type(usuario.password);\ncy.get('[data-test=\"submit-button\"]').click();\ncy.wait(1000);",
              "err": {},
              "uuid": "804a27ae-dea1-43a8-ba5c-2e2ca3f82a71",
              "parentUUID": "78339322-4ed6-469f-8870-dc1759a54636",
              "isHook": false,
              "skipped": false
            },
            {
              "title": "Deve preencher os campos do formulário corretamente para cadastrar um novo usuário",
              "fullTitle": "Página de cadastro Deve preencher os campos do formulário corretamente para cadastrar um novo usuário",
              "timedOut": null,
              "duration": 3531,
              "state": "passed",
              "speed": "fast",
              "pass": true,
              "fail": false,
              "pending": false,
              "context": null,
              "code": "cy.get('[data-test=\"input-name\"]').focus().clear().type(usuario.name);\ncy.get('[data-test=\"input-email\"]').focus().clear().type(usuario.email);\ncy.get('[data-test=\"input-password\"]').focus().clear().type(usuario.password);\ncy.get('[data-test=\"input-confirm-password\"]').focus().clear().type(usuario.password);\ncy.get('[data-test=\"submit-button\"]').click();\ncy.wait(1000);",
              "err": {},
              "uuid": "430143f4-d824-4ecc-9257-f6e6fc2e5830",
              "parentUUID": "78339322-4ed6-469f-8870-dc1759a54636",
              "isHook": false,
              "skipped": false
            },
            {
              "title": "Deve preencher os campos do formulário corretamente para cadastrar um novo usuário",
              "fullTitle": "Página de cadastro Deve preencher os campos do formulário corretamente para cadastrar um novo usuário",
              "timedOut": null,
              "duration": 3871,
              "state": "passed",
              "speed": "fast",
              "pass": true,
              "fail": false,
              "pending": false,
              "context": null,
              "code": "cy.get('[data-test=\"input-name\"]').focus().clear().type(usuario.name);\ncy.get('[data-test=\"input-email\"]').focus().clear().type(usuario.email);\ncy.get('[data-test=\"input-password\"]').focus().clear().type(usuario.password);\ncy.get('[data-test=\"input-confirm-password\"]').focus().clear().type(usuario.password);\ncy.get('[data-test=\"submit-button\"]').click();\ncy.wait(1000);",
              "err": {},
              "uuid": "a89fe5de-4187-43d3-9a42-5154a69deafa",
              "parentUUID": "78339322-4ed6-469f-8870-dc1759a54636",
              "isHook": false,
              "skipped": false
            },
            {
              "title": "Deve preencher os campos do formulário corretamente para cadastrar um novo usuário",
              "fullTitle": "Página de cadastro Deve preencher os campos do formulário corretamente para cadastrar um novo usuário",
              "timedOut": null,
              "duration": 4270,
              "state": "passed",
              "speed": "fast",
              "pass": true,
              "fail": false,
              "pending": false,
              "context": null,
              "code": "cy.get('[data-test=\"input-name\"]').focus().clear().type(usuario.name);\ncy.get('[data-test=\"input-email\"]').focus().clear().type(usuario.email);\ncy.get('[data-test=\"input-password\"]').focus().clear().type(usuario.password);\ncy.get('[data-test=\"input-confirm-password\"]').focus().clear().type(usuario.password);\ncy.get('[data-test=\"submit-button\"]').click();\ncy.wait(1000);",
              "err": {},
              "uuid": "9da770a2-29e5-4a18-909c-7b858a076433",
              "parentUUID": "78339322-4ed6-469f-8870-dc1759a54636",
              "isHook": false,
              "skipped": false
            }
          ],
          "suites": [],
          "passes": [
            "3f3dca50-348e-4e4c-90fe-5fb31058392a",
            "8e313aa9-e8ee-41b8-a877-edb599152bf5",
            "804a27ae-dea1-43a8-ba5c-2e2ca3f82a71",
            "430143f4-d824-4ecc-9257-f6e6fc2e5830",
            "a89fe5de-4187-43d3-9a42-5154a69deafa",
            "9da770a2-29e5-4a18-909c-7b858a076433"
          ],
          "failures": [],
          "pending": [],
          "skipped": [],
          "duration": 24047,
          "root": false,
          "rootEmpty": false,
          "_timeout": 2000
        }
      ],
      "passes": [],
      "failures": [],
      "pending": [],
      "skipped": [],
      "duration": 0,
      "root": true,
      "rootEmpty": true,
      "_timeout": 2000
    }
  ],
  "meta": {
    "mocha": {
      "version": "7.0.1"
    },
    "mochawesome": {
      "options": {
        "quiet": false,
        "reportFilename": "mochawesome",
        "saveHtml": true,
        "saveJson": true,
        "consoleReporter": "spec",
        "useInlineDiffs": false,
        "code": true
      },
      "version": "7.1.3"
    },
    "marge": {
      "options": {
        "reportDir": "cypress/results",
        "overwrite": false,
        "html": true,
        "json": true,
        "timestamp": "mmddyyyy_HHMMss"
      },
      "version": "6.2.0"
    }
  }
}