{
  "stats": {
    "suites": 1,
    "tests": 1,
    "passes": 0,
    "pending": 0,
    "failures": 1,
    "start": "2024-02-14T20:41:28.095Z",
    "end": "2024-02-14T20:41:29.125Z",
    "duration": 1030,
    "testsRegistered": 1,
    "passPercent": 0,
    "pendingPercent": 0,
    "other": 0,
    "hasOther": false,
    "skipped": 0,
    "hasSkipped": false
  },
  "results": [
    {
      "uuid": "ba840790-b6aa-48e8-a049-7dbdb322518b",
      "title": "",
      "fullFile": "cypress\\e2e\\req-api-mensagens.cy.js",
      "file": "cypress\\e2e\\req-api-mensagens.cy.js",
      "beforeHooks": [],
      "afterHooks": [],
      "tests": [],
      "suites": [
        {
          "uuid": "38245290-d738-4f5a-99d5-6b1c8ba0d0e6",
          "title": "Api Adopet",
          "fullFile": "",
          "file": "",
          "beforeHooks": [],
          "afterHooks": [],
          "tests": [
            {
              "title": "Mensagens",
              "fullTitle": "Api Adopet Mensagens",
              "timedOut": null,
              "duration": 953,
              "state": "failed",
              "speed": null,
              "pass": false,
              "fail": true,
              "pending": false,
              "context": null,
              "code": "cy.request({\n  method: 'GET',\n  url: 'https://adopetapi-pgks.onrender.com/mensagem/14451c6b-5431-4bbe-8851-56b85633f360',\n  // body: Cypress.env()\n  headers: {\n    authorization\n  }\n}).then(res => {\n  expect(res.status).to.be.equal(200);\n  expect(res.body).is.not.empty;\n  expect(res.body).to.have.property('msg');\n  expect(res.body.msg[1].msg).to.be.equal('Amei o json'); // Acessar o objeto, o array e os objetos: comportamelho empilhado (primeiro a entrar é o último a sair)\n});",
              "err": {
                "message": "CypressError: `cy.request()` failed on:\n\nhttps://adopetapi-pgks.onrender.com/mensagem/14451c6b-5431-4bbe-8851-56b85633f360\n\nThe response we received from your web server was:\n\n  > 401: Unauthorized\n\nThis was considered a failure because the status code was not `2xx` or `3xx`.\n\nIf you do not want status codes to cause failures pass the option: `failOnStatusCode: false`\n\n-----------------------------------------------------------\n\nThe request we sent was:\n\nMethod: GET\nURL: https://adopetapi-pgks.onrender.com/mensagem/14451c6b-5431-4bbe-8851-56b85633f360\nHeaders: {\n  \"Connection\": \"keep-alive\",\n  \"authorization\": \"Bearer eyJhbGciOiJIUzI1NiIsInR5cCI6IkpXVCJ9.eyJzdWIiOiIwMzU5ZjcxYy03ZWQyLTRhYTktOWFlOS0xYWNhNzY0ZjY2OTEiLCJhZG9wdGVyTmFtZSI6Ik1hcmpvcmllIEVzdGlhbm8iLCJpYXQiOjE3MDczNDM0MjcsImV4cCI6MTcwNzYwMjYyN30.ViF7xTxktw9YntXgraETPICxgIulAgpygIVvFqo7hfE\",\n  \"user-agent\": \"Mozilla/5.0 (Windows NT 10.0; Win64; x64) AppleWebKit/537.36 (KHTML, like Gecko) Cypress/13.6.4 Chrome/114.0.5735.289 Electron/25.8.4 Safari/537.36\",\n  \"accept\": \"*/*\",\n  \"accept-encoding\": \"gzip, deflate\"\n}\n\n-----------------------------------------------------------\n\nThe response we got was:\n\nStatus: 401 - Unauthorized\nHeaders: {\n  \"date\": \"Wed, 14 Feb 2024 20:41:31 GMT\",\n  \"content-type\": \"application/json; charset=utf-8\",\n  \"content-length\": \"91\",\n  \"connection\": \"keep-alive\",\n  \"cf-ray\": \"855821e44a650112-GRU\",\n  \"cf-cache-status\": \"DYNAMIC\",\n  \"content-encoding\": \"gzip\",\n  \"etag\": \"W/\\\"43-wXWvnadL6A5lxmYWaq7JjOmSjgU\\\"\",\n  \"vary\": \"Accept-Encoding\",\n  \"access-control-allow-credentials\": \"true\",\n  \"access-control-expose-headers\": \"Authorization\",\n  \"rndr-id\": \"036fcea2-213d-4691\",\n  \"x-powered-by\": \"Express\",\n  \"x-render-origin-server\": \"Render\",\n  \"server\": \"cloudflare\",\n  \"alt-svc\": \"h3=\\\":443\\\"; ma=86400\"\n}\nBody: {\n  \"statusCode\": 401,\n  \"message\": \"JWT inválido\",\n  \"error\": \"Unauthorized\"\n}\n\n\nhttps://on.cypress.io/request",
                "estack": "CypressError: `cy.request()` failed on:\n\nhttps://adopetapi-pgks.onrender.com/mensagem/14451c6b-5431-4bbe-8851-56b85633f360\n\nThe response we received from your web server was:\n\n  > 401: Unauthorized\n\nThis was considered a failure because the status code was not `2xx` or `3xx`.\n\nIf you do not want status codes to cause failures pass the option: `failOnStatusCode: false`\n\n-----------------------------------------------------------\n\nThe request we sent was:\n\nMethod: GET\nURL: https://adopetapi-pgks.onrender.com/mensagem/14451c6b-5431-4bbe-8851-56b85633f360\nHeaders: {\n  \"Connection\": \"keep-alive\",\n  \"authorization\": \"Bearer eyJhbGciOiJIUzI1NiIsInR5cCI6IkpXVCJ9.eyJzdWIiOiIwMzU5ZjcxYy03ZWQyLTRhYTktOWFlOS0xYWNhNzY0ZjY2OTEiLCJhZG9wdGVyTmFtZSI6Ik1hcmpvcmllIEVzdGlhbm8iLCJpYXQiOjE3MDczNDM0MjcsImV4cCI6MTcwNzYwMjYyN30.ViF7xTxktw9YntXgraETPICxgIulAgpygIVvFqo7hfE\",\n  \"user-agent\": \"Mozilla/5.0 (Windows NT 10.0; Win64; x64) AppleWebKit/537.36 (KHTML, like Gecko) Cypress/13.6.4 Chrome/114.0.5735.289 Electron/25.8.4 Safari/537.36\",\n  \"accept\": \"*/*\",\n  \"accept-encoding\": \"gzip, deflate\"\n}\n\n-----------------------------------------------------------\n\nThe response we got was:\n\nStatus: 401 - Unauthorized\nHeaders: {\n  \"date\": \"Wed, 14 Feb 2024 20:41:31 GMT\",\n  \"content-type\": \"application/json; charset=utf-8\",\n  \"content-length\": \"91\",\n  \"connection\": \"keep-alive\",\n  \"cf-ray\": \"855821e44a650112-GRU\",\n  \"cf-cache-status\": \"DYNAMIC\",\n  \"content-encoding\": \"gzip\",\n  \"etag\": \"W/\\\"43-wXWvnadL6A5lxmYWaq7JjOmSjgU\\\"\",\n  \"vary\": \"Accept-Encoding\",\n  \"access-control-allow-credentials\": \"true\",\n  \"access-control-expose-headers\": \"Authorization\",\n  \"rndr-id\": \"036fcea2-213d-4691\",\n  \"x-powered-by\": \"Express\",\n  \"x-render-origin-server\": \"Render\",\n  \"server\": \"cloudflare\",\n  \"alt-svc\": \"h3=\\\":443\\\"; ma=86400\"\n}\nBody: {\n  \"statusCode\": 401,\n  \"message\": \"JWT inválido\",\n  \"error\": \"Unauthorized\"\n}\n\n\nhttps://on.cypress.io/request\n    at <unknown> (http://localhost:55077/__cypress/runner/cypress_runner.js:133028:72)\n    at tryCatcher (http://localhost:55077/__cypress/runner/cypress_runner.js:1807:23)\n    at Promise._settlePromiseFromHandler (http://localhost:55077/__cypress/runner/cypress_runner.js:1519:31)\n    at Promise._settlePromise (http://localhost:55077/__cypress/runner/cypress_runner.js:1576:18)\n    at Promise._settlePromise0 (http://localhost:55077/__cypress/runner/cypress_runner.js:1621:10)\n    at Promise._settlePromises (http://localhost:55077/__cypress/runner/cypress_runner.js:1701:18)\n    at _drainQueueStep (http://localhost:55077/__cypress/runner/cypress_runner.js:2407:12)\n    at _drainQueue (http://localhost:55077/__cypress/runner/cypress_runner.js:2400:9)\n    at Async._drainQueues (http://localhost:55077/__cypress/runner/cypress_runner.js:2416:5)\n    at Async.drainQueues (http://localhost:55077/__cypress/runner/cypress_runner.js:2286:14)\nFrom Your Spec Code:\n    at Context.eval (webpack://curso_cypress/./cypress/e2e/req-api-mensagens.cy.js:5:15)",
                "diff": null
              },
              "uuid": "2ffc544e-ad01-429e-b233-f84dda230203",
              "parentUUID": "38245290-d738-4f5a-99d5-6b1c8ba0d0e6",
              "isHook": false,
              "skipped": false
            }
          ],
          "suites": [],
          "passes": [],
          "failures": [
            "2ffc544e-ad01-429e-b233-f84dda230203"
          ],
          "pending": [],
          "skipped": [],
          "duration": 953,
          "root": false,
          "rootEmpty": false,
          "_timeout": 2000
        }
      ],
      "passes": [],
      "failures": [],
      "pending": [],
      "skipped": [],
      "duration": 0,
      "root": true,
      "rootEmpty": true,
      "_timeout": 2000
    }
  ],
  "meta": {
    "mocha": {
      "version": "7.0.1"
    },
    "mochawesome": {
      "options": {
        "quiet": false,
        "reportFilename": "mochawesome",
        "saveHtml": true,
        "saveJson": true,
        "consoleReporter": "spec",
        "useInlineDiffs": false,
        "code": true
      },
      "version": "7.1.3"
    },
    "marge": {
      "options": {
        "reportDir": "cypress/results",
        "overwrite": false,
        "html": true,
        "json": true,
        "timestamp": "mmddyyyy_HHMMss"
      },
      "version": "6.2.0"
    }
  }
}