{
  "stats": {
    "suites": 1,
    "tests": 1,
    "passes": 1,
    "pending": 0,
    "failures": 0,
    "start": "2024-02-14T16:59:09.219Z",
    "end": "2024-02-14T16:59:22.605Z",
    "duration": 13386,
    "testsRegistered": 1,
    "passPercent": 100,
    "pendingPercent": 0,
    "other": 0,
    "hasOther": false,
    "skipped": 0,
    "hasSkipped": false
  },
  "results": [
    {
      "uuid": "0cf9a0ff-2bb9-4782-9cda-d522c7cfc6ce",
      "title": "",
      "fullFile": "cypress\\e2e\\cadastro-massa.cy.js",
      "file": "cypress\\e2e\\cadastro-massa.cy.js",
      "beforeHooks": [],
      "afterHooks": [],
      "tests": [],
      "suites": [
        {
          "uuid": "86a5f46e-2615-4f11-b510-2e3e22831739",
          "title": "Página de cadastro",
          "fullFile": "",
          "file": "",
          "beforeHooks": [],
          "afterHooks": [],
          "tests": [
            {
              "title": "Deve preencher os campos do formulário corretamente para cadastrar um novo usuário",
              "fullTitle": "Página de cadastro Deve preencher os campos do formulário corretamente para cadastrar um novo usuário",
              "timedOut": null,
              "duration": 12025,
              "state": "passed",
              "speed": "slow",
              "pass": true,
              "fail": false,
              "pending": false,
              "context": null,
              "code": "_usuarios.usuarios.forEach(usuario => {\n  cy.get('[data-test=\"input-name\"]').clear().type(usuario.name);\n  cy.get('[data-test=\"input-email\"]').clear().type(usuario.email);\n  cy.get('[data-test=\"input-password\"]').clear().type(usuario.password);\n  cy.get('[data-test=\"input-confirm-password\"]').clear().type(usuario.password);\n  cy.get('[data-test=\"submit-button\"]').click();\n});",
              "err": {},
              "uuid": "4d9bf9ff-2609-4df1-b7e7-d4a499ccddbd",
              "parentUUID": "86a5f46e-2615-4f11-b510-2e3e22831739",
              "isHook": false,
              "skipped": false
            }
          ],
          "suites": [],
          "passes": [
            "4d9bf9ff-2609-4df1-b7e7-d4a499ccddbd"
          ],
          "failures": [],
          "pending": [],
          "skipped": [],
          "duration": 12025,
          "root": false,
          "rootEmpty": false,
          "_timeout": 2000
        }
      ],
      "passes": [],
      "failures": [],
      "pending": [],
      "skipped": [],
      "duration": 0,
      "root": true,
      "rootEmpty": true,
      "_timeout": 2000
    }
  ],
  "meta": {
    "mocha": {
      "version": "7.0.1"
    },
    "mochawesome": {
      "options": {
        "quiet": false,
        "reportFilename": "mochawesome",
        "saveHtml": true,
        "saveJson": true,
        "consoleReporter": "spec",
        "useInlineDiffs": false,
        "code": true
      },
      "version": "7.1.3"
    },
    "marge": {
      "options": {
        "reportDir": "cypress/results",
        "overwrite": false,
        "html": true,
        "json": true,
        "timestamp": "mmddyyyy_HHMMss"
      },
      "version": "6.2.0"
    }
  }
}