{
  "stats": {
    "suites": 1,
    "tests": 6,
    "passes": 6,
    "pending": 0,
    "failures": 0,
    "start": "2024-02-26T15:09:14.971Z",
    "end": "2024-02-26T15:09:47.550Z",
    "duration": 32579,
    "testsRegistered": 6,
    "passPercent": 100,
    "pendingPercent": 0,
    "other": 0,
    "hasOther": false,
    "skipped": 0,
    "hasSkipped": false
  },
  "results": [
    {
      "uuid": "19525e64-7674-4c60-b19d-aa82a9e369e0",
      "title": "",
      "fullFile": "cypress\\e2e\\cadastro-massa.cy.js",
      "file": "cypress\\e2e\\cadastro-massa.cy.js",
      "beforeHooks": [],
      "afterHooks": [],
      "tests": [],
      "suites": [
        {
          "uuid": "74383e93-615d-463a-bd60-3550a6dc1a3d",
          "title": "Página de cadastro",
          "fullFile": "",
          "file": "",
          "beforeHooks": [],
          "afterHooks": [],
          "tests": [
            {
              "title": "Deve preencher os campos do formulário corretamente para cadastrar um novo usuário",
              "fullTitle": "Página de cadastro Deve preencher os campos do formulário corretamente para cadastrar um novo usuário",
              "timedOut": null,
              "duration": 8950,
              "state": "passed",
              "speed": "medium",
              "pass": true,
              "fail": false,
              "pending": false,
              "context": null,
              "code": "cy.get('[data-test=\"input-name\"]').focus().clear().type(usuario.name);\ncy.get('[data-test=\"input-email\"]').focus().clear().type(usuario.email);\ncy.get('[data-test=\"input-password\"]').focus().clear().type(usuario.password);\ncy.get('[data-test=\"input-confirm-password\"]').focus().clear().type(usuario.password);\ncy.get('[data-test=\"submit-button\"]').click();\ncy.wait(1000);",
              "err": {},
              "uuid": "b0ed9abd-d686-43e8-af70-18752b778aae",
              "parentUUID": "74383e93-615d-463a-bd60-3550a6dc1a3d",
              "isHook": false,
              "skipped": false
            },
            {
              "title": "Deve preencher os campos do formulário corretamente para cadastrar um novo usuário",
              "fullTitle": "Página de cadastro Deve preencher os campos do formulário corretamente para cadastrar um novo usuário",
              "timedOut": null,
              "duration": 4222,
              "state": "passed",
              "speed": "fast",
              "pass": true,
              "fail": false,
              "pending": false,
              "context": null,
              "code": "cy.get('[data-test=\"input-name\"]').focus().clear().type(usuario.name);\ncy.get('[data-test=\"input-email\"]').focus().clear().type(usuario.email);\ncy.get('[data-test=\"input-password\"]').focus().clear().type(usuario.password);\ncy.get('[data-test=\"input-confirm-password\"]').focus().clear().type(usuario.password);\ncy.get('[data-test=\"submit-button\"]').click();\ncy.wait(1000);",
              "err": {},
              "uuid": "a4afed52-0041-46b3-90e4-7dccec6bca60",
              "parentUUID": "74383e93-615d-463a-bd60-3550a6dc1a3d",
              "isHook": false,
              "skipped": false
            },
            {
              "title": "Deve preencher os campos do formulário corretamente para cadastrar um novo usuário",
              "fullTitle": "Página de cadastro Deve preencher os campos do formulário corretamente para cadastrar um novo usuário",
              "timedOut": null,
              "duration": 4577,
              "state": "passed",
              "speed": "fast",
              "pass": true,
              "fail": false,
              "pending": false,
              "context": null,
              "code": "cy.get('[data-test=\"input-name\"]').focus().clear().type(usuario.name);\ncy.get('[data-test=\"input-email\"]').focus().clear().type(usuario.email);\ncy.get('[data-test=\"input-password\"]').focus().clear().type(usuario.password);\ncy.get('[data-test=\"input-confirm-password\"]').focus().clear().type(usuario.password);\ncy.get('[data-test=\"submit-button\"]').click();\ncy.wait(1000);",
              "err": {},
              "uuid": "b6a68276-8ba5-481d-a928-fb228be15666",
              "parentUUID": "74383e93-615d-463a-bd60-3550a6dc1a3d",
              "isHook": false,
              "skipped": false
            },
            {
              "title": "Deve preencher os campos do formulário corretamente para cadastrar um novo usuário",
              "fullTitle": "Página de cadastro Deve preencher os campos do formulário corretamente para cadastrar um novo usuário",
              "timedOut": null,
              "duration": 4318,
              "state": "passed",
              "speed": "fast",
              "pass": true,
              "fail": false,
              "pending": false,
              "context": null,
              "code": "cy.get('[data-test=\"input-name\"]').focus().clear().type(usuario.name);\ncy.get('[data-test=\"input-email\"]').focus().clear().type(usuario.email);\ncy.get('[data-test=\"input-password\"]').focus().clear().type(usuario.password);\ncy.get('[data-test=\"input-confirm-password\"]').focus().clear().type(usuario.password);\ncy.get('[data-test=\"submit-button\"]').click();\ncy.wait(1000);",
              "err": {},
              "uuid": "3ea66ab6-59ab-485a-a43b-b1e80d00cf7f",
              "parentUUID": "74383e93-615d-463a-bd60-3550a6dc1a3d",
              "isHook": false,
              "skipped": false
            },
            {
              "title": "Deve preencher os campos do formulário corretamente para cadastrar um novo usuário",
              "fullTitle": "Página de cadastro Deve preencher os campos do formulário corretamente para cadastrar um novo usuário",
              "timedOut": null,
              "duration": 3899,
              "state": "passed",
              "speed": "fast",
              "pass": true,
              "fail": false,
              "pending": false,
              "context": null,
              "code": "cy.get('[data-test=\"input-name\"]').focus().clear().type(usuario.name);\ncy.get('[data-test=\"input-email\"]').focus().clear().type(usuario.email);\ncy.get('[data-test=\"input-password\"]').focus().clear().type(usuario.password);\ncy.get('[data-test=\"input-confirm-password\"]').focus().clear().type(usuario.password);\ncy.get('[data-test=\"submit-button\"]').click();\ncy.wait(1000);",
              "err": {},
              "uuid": "4a66892e-fc6d-410e-ba00-0605a1282e11",
              "parentUUID": "74383e93-615d-463a-bd60-3550a6dc1a3d",
              "isHook": false,
              "skipped": false
            },
            {
              "title": "Deve preencher os campos do formulário corretamente para cadastrar um novo usuário",
              "fullTitle": "Página de cadastro Deve preencher os campos do formulário corretamente para cadastrar um novo usuário",
              "timedOut": null,
              "duration": 4048,
              "state": "passed",
              "speed": "fast",
              "pass": true,
              "fail": false,
              "pending": false,
              "context": null,
              "code": "cy.get('[data-test=\"input-name\"]').focus().clear().type(usuario.name);\ncy.get('[data-test=\"input-email\"]').focus().clear().type(usuario.email);\ncy.get('[data-test=\"input-password\"]').focus().clear().type(usuario.password);\ncy.get('[data-test=\"input-confirm-password\"]').focus().clear().type(usuario.password);\ncy.get('[data-test=\"submit-button\"]').click();\ncy.wait(1000);",
              "err": {},
              "uuid": "ea869d12-ec7e-4ef7-aaa5-531cc455997a",
              "parentUUID": "74383e93-615d-463a-bd60-3550a6dc1a3d",
              "isHook": false,
              "skipped": false
            }
          ],
          "suites": [],
          "passes": [
            "b0ed9abd-d686-43e8-af70-18752b778aae",
            "a4afed52-0041-46b3-90e4-7dccec6bca60",
            "b6a68276-8ba5-481d-a928-fb228be15666",
            "3ea66ab6-59ab-485a-a43b-b1e80d00cf7f",
            "4a66892e-fc6d-410e-ba00-0605a1282e11",
            "ea869d12-ec7e-4ef7-aaa5-531cc455997a"
          ],
          "failures": [],
          "pending": [],
          "skipped": [],
          "duration": 30014,
          "root": false,
          "rootEmpty": false,
          "_timeout": 2000
        }
      ],
      "passes": [],
      "failures": [],
      "pending": [],
      "skipped": [],
      "duration": 0,
      "root": true,
      "rootEmpty": true,
      "_timeout": 2000
    }
  ],
  "meta": {
    "mocha": {
      "version": "7.0.1"
    },
    "mochawesome": {
      "options": {
        "quiet": false,
        "reportFilename": "mochawesome",
        "saveHtml": true,
        "saveJson": true,
        "consoleReporter": "spec",
        "useInlineDiffs": false,
        "code": true
      },
      "version": "7.1.3"
    },
    "marge": {
      "options": {
        "reportDir": "cypress/results",
        "overwrite": false,
        "html": true,
        "json": true,
        "timestamp": "mmddyyyy_HHMMss"
      },
      "version": "6.2.0"
    }
  }
}