{
  "stats": {
    "suites": 1,
    "tests": 6,
    "passes": 6,
    "pending": 0,
    "failures": 0,
    "start": "2024-02-26T15:12:54.440Z",
    "end": "2024-02-26T15:13:24.711Z",
    "duration": 30271,
    "testsRegistered": 6,
    "passPercent": 100,
    "pendingPercent": 0,
    "other": 0,
    "hasOther": false,
    "skipped": 0,
    "hasSkipped": false
  },
  "results": [
    {
      "uuid": "a9dc3657-5628-43ac-8c94-da4a221126b5",
      "title": "",
      "fullFile": "cypress\\e2e\\cadastro-massa.cy.js",
      "file": "cypress\\e2e\\cadastro-massa.cy.js",
      "beforeHooks": [],
      "afterHooks": [],
      "tests": [],
      "suites": [
        {
          "uuid": "3d14e2fe-0135-46eb-87c1-338e3c022206",
          "title": "Página de cadastro",
          "fullFile": "",
          "file": "",
          "beforeHooks": [],
          "afterHooks": [],
          "tests": [
            {
              "title": "Deve preencher os campos do formulário corretamente para cadastrar um novo usuário",
              "fullTitle": "Página de cadastro Deve preencher os campos do formulário corretamente para cadastrar um novo usuário",
              "timedOut": null,
              "duration": 6718,
              "state": "passed",
              "speed": "medium",
              "pass": true,
              "fail": false,
              "pending": false,
              "context": null,
              "code": "cy.get('[data-test=\"input-name\"]').focus().clear().type(usuario.name);\ncy.get('[data-test=\"input-email\"]').focus().clear().type(usuario.email);\ncy.get('[data-test=\"input-password\"]').focus().clear().type(usuario.password);\ncy.get('[data-test=\"input-confirm-password\"]').focus().clear().type(usuario.password);\ncy.get('[data-test=\"submit-button\"]').click();\ncy.wait(1000);",
              "err": {},
              "uuid": "e9942b08-7a9d-4c10-b683-66428ef0976f",
              "parentUUID": "3d14e2fe-0135-46eb-87c1-338e3c022206",
              "isHook": false,
              "skipped": false
            },
            {
              "title": "Deve preencher os campos do formulário corretamente para cadastrar um novo usuário",
              "fullTitle": "Página de cadastro Deve preencher os campos do formulário corretamente para cadastrar um novo usuário",
              "timedOut": null,
              "duration": 4289,
              "state": "passed",
              "speed": "fast",
              "pass": true,
              "fail": false,
              "pending": false,
              "context": null,
              "code": "cy.get('[data-test=\"input-name\"]').focus().clear().type(usuario.name);\ncy.get('[data-test=\"input-email\"]').focus().clear().type(usuario.email);\ncy.get('[data-test=\"input-password\"]').focus().clear().type(usuario.password);\ncy.get('[data-test=\"input-confirm-password\"]').focus().clear().type(usuario.password);\ncy.get('[data-test=\"submit-button\"]').click();\ncy.wait(1000);",
              "err": {},
              "uuid": "b04200de-be22-4f91-b9b3-e9d9694130e8",
              "parentUUID": "3d14e2fe-0135-46eb-87c1-338e3c022206",
              "isHook": false,
              "skipped": false
            },
            {
              "title": "Deve preencher os campos do formulário corretamente para cadastrar um novo usuário",
              "fullTitle": "Página de cadastro Deve preencher os campos do formulário corretamente para cadastrar um novo usuário",
              "timedOut": null,
              "duration": 4204,
              "state": "passed",
              "speed": "fast",
              "pass": true,
              "fail": false,
              "pending": false,
              "context": null,
              "code": "cy.get('[data-test=\"input-name\"]').focus().clear().type(usuario.name);\ncy.get('[data-test=\"input-email\"]').focus().clear().type(usuario.email);\ncy.get('[data-test=\"input-password\"]').focus().clear().type(usuario.password);\ncy.get('[data-test=\"input-confirm-password\"]').focus().clear().type(usuario.password);\ncy.get('[data-test=\"submit-button\"]').click();\ncy.wait(1000);",
              "err": {},
              "uuid": "6ac48d4d-9208-4d76-9270-c805c33bfaf1",
              "parentUUID": "3d14e2fe-0135-46eb-87c1-338e3c022206",
              "isHook": false,
              "skipped": false
            },
            {
              "title": "Deve preencher os campos do formulário corretamente para cadastrar um novo usuário",
              "fullTitle": "Página de cadastro Deve preencher os campos do formulário corretamente para cadastrar um novo usuário",
              "timedOut": null,
              "duration": 4221,
              "state": "passed",
              "speed": "fast",
              "pass": true,
              "fail": false,
              "pending": false,
              "context": null,
              "code": "cy.get('[data-test=\"input-name\"]').focus().clear().type(usuario.name);\ncy.get('[data-test=\"input-email\"]').focus().clear().type(usuario.email);\ncy.get('[data-test=\"input-password\"]').focus().clear().type(usuario.password);\ncy.get('[data-test=\"input-confirm-password\"]').focus().clear().type(usuario.password);\ncy.get('[data-test=\"submit-button\"]').click();\ncy.wait(1000);",
              "err": {},
              "uuid": "6d116274-51eb-4dec-9e7f-720832ecfa8f",
              "parentUUID": "3d14e2fe-0135-46eb-87c1-338e3c022206",
              "isHook": false,
              "skipped": false
            },
            {
              "title": "Deve preencher os campos do formulário corretamente para cadastrar um novo usuário",
              "fullTitle": "Página de cadastro Deve preencher os campos do formulário corretamente para cadastrar um novo usuário",
              "timedOut": null,
              "duration": 3944,
              "state": "passed",
              "speed": "fast",
              "pass": true,
              "fail": false,
              "pending": false,
              "context": null,
              "code": "cy.get('[data-test=\"input-name\"]').focus().clear().type(usuario.name);\ncy.get('[data-test=\"input-email\"]').focus().clear().type(usuario.email);\ncy.get('[data-test=\"input-password\"]').focus().clear().type(usuario.password);\ncy.get('[data-test=\"input-confirm-password\"]').focus().clear().type(usuario.password);\ncy.get('[data-test=\"submit-button\"]').click();\ncy.wait(1000);",
              "err": {},
              "uuid": "0f5abf45-46b9-4e2b-ac65-4fe8dcb6a0fe",
              "parentUUID": "3d14e2fe-0135-46eb-87c1-338e3c022206",
              "isHook": false,
              "skipped": false
            },
            {
              "title": "Deve preencher os campos do formulário corretamente para cadastrar um novo usuário",
              "fullTitle": "Página de cadastro Deve preencher os campos do formulário corretamente para cadastrar um novo usuário",
              "timedOut": null,
              "duration": 4331,
              "state": "passed",
              "speed": "fast",
              "pass": true,
              "fail": false,
              "pending": false,
              "context": null,
              "code": "cy.get('[data-test=\"input-name\"]').focus().clear().type(usuario.name);\ncy.get('[data-test=\"input-email\"]').focus().clear().type(usuario.email);\ncy.get('[data-test=\"input-password\"]').focus().clear().type(usuario.password);\ncy.get('[data-test=\"input-confirm-password\"]').focus().clear().type(usuario.password);\ncy.get('[data-test=\"submit-button\"]').click();\ncy.wait(1000);",
              "err": {},
              "uuid": "9436002c-a754-46cd-8b09-4413fe617735",
              "parentUUID": "3d14e2fe-0135-46eb-87c1-338e3c022206",
              "isHook": false,
              "skipped": false
            }
          ],
          "suites": [],
          "passes": [
            "e9942b08-7a9d-4c10-b683-66428ef0976f",
            "b04200de-be22-4f91-b9b3-e9d9694130e8",
            "6ac48d4d-9208-4d76-9270-c805c33bfaf1",
            "6d116274-51eb-4dec-9e7f-720832ecfa8f",
            "0f5abf45-46b9-4e2b-ac65-4fe8dcb6a0fe",
            "9436002c-a754-46cd-8b09-4413fe617735"
          ],
          "failures": [],
          "pending": [],
          "skipped": [],
          "duration": 27707,
          "root": false,
          "rootEmpty": false,
          "_timeout": 2000
        }
      ],
      "passes": [],
      "failures": [],
      "pending": [],
      "skipped": [],
      "duration": 0,
      "root": true,
      "rootEmpty": true,
      "_timeout": 2000
    }
  ],
  "meta": {
    "mocha": {
      "version": "7.0.1"
    },
    "mochawesome": {
      "options": {
        "quiet": false,
        "reportFilename": "mochawesome",
        "saveHtml": true,
        "saveJson": true,
        "consoleReporter": "spec",
        "useInlineDiffs": false,
        "code": true
      },
      "version": "7.1.3"
    },
    "marge": {
      "options": {
        "reportDir": "cypress/results",
        "overwrite": false,
        "html": true,
        "json": true,
        "timestamp": "mmddyyyy_HHMMss"
      },
      "version": "6.2.0"
    }
  }
}