{
  "stats": {
    "suites": 1,
    "tests": 1,
    "passes": 1,
    "pending": 0,
    "failures": 0,
    "start": "2024-02-14T21:13:44.953Z",
    "end": "2024-02-14T21:13:51.282Z",
    "duration": 6329,
    "testsRegistered": 1,
    "passPercent": 100,
    "pendingPercent": 0,
    "other": 0,
    "hasOther": false,
    "skipped": 0,
    "hasSkipped": false
  },
  "results": [
    {
      "uuid": "e573a893-dc92-46fd-83fc-5e2d70239eb9",
      "title": "",
      "fullFile": "cypress\\e2e\\cadastro-correto-pobjects.cy.js",
      "file": "cypress\\e2e\\cadastro-correto-pobjects.cy.js",
      "beforeHooks": [],
      "afterHooks": [],
      "tests": [],
      "suites": [
        {
          "uuid": "3d487cde-59bd-4fcc-9810-e5f5e7c73f88",
          "title": "Página de cadastro",
          "fullFile": "",
          "file": "",
          "beforeHooks": [],
          "afterHooks": [],
          "tests": [
            {
              "title": "Deve preencher os campos do formulário corretamente para cadastrar um novo usuário",
              "fullTitle": "Página de cadastro Deve preencher os campos do formulário corretamente para cadastrar um novo usuário",
              "timedOut": null,
              "duration": 4023,
              "state": "passed",
              "speed": "fast",
              "pass": true,
              "fail": false,
              "pending": false,
              "context": null,
              "code": "_paginaCadastro.default.acessarPaginaDeCadastro();\n_paginaCadastro.default.preencherFormulario();\n_paginaCadastro.default.submeterCadastro();",
              "err": {},
              "uuid": "7de47a0d-188c-47d1-ada2-ae866ab3ad69",
              "parentUUID": "3d487cde-59bd-4fcc-9810-e5f5e7c73f88",
              "isHook": false,
              "skipped": false
            }
          ],
          "suites": [],
          "passes": [
            "7de47a0d-188c-47d1-ada2-ae866ab3ad69"
          ],
          "failures": [],
          "pending": [],
          "skipped": [],
          "duration": 4023,
          "root": false,
          "rootEmpty": false,
          "_timeout": 2000
        }
      ],
      "passes": [],
      "failures": [],
      "pending": [],
      "skipped": [],
      "duration": 0,
      "root": true,
      "rootEmpty": true,
      "_timeout": 2000
    }
  ],
  "meta": {
    "mocha": {
      "version": "7.0.1"
    },
    "mochawesome": {
      "options": {
        "quiet": false,
        "reportFilename": "mochawesome",
        "saveHtml": true,
        "saveJson": true,
        "consoleReporter": "spec",
        "useInlineDiffs": false,
        "code": true
      },
      "version": "7.1.3"
    },
    "marge": {
      "options": {
        "reportDir": "cypress/results",
        "overwrite": false,
        "html": true,
        "json": true,
        "timestamp": "mmddyyyy_HHMMss"
      },
      "version": "6.2.0"
    }
  }
}