{
  "stats": {
    "suites": 1,
    "tests": 1,
    "passes": 1,
    "pending": 0,
    "failures": 0,
    "start": "2024-02-26T15:01:46.988Z",
    "end": "2024-02-26T15:01:53.228Z",
    "duration": 6240,
    "testsRegistered": 1,
    "passPercent": 100,
    "pendingPercent": 0,
    "other": 0,
    "hasOther": false,
    "skipped": 0,
    "hasSkipped": false
  },
  "results": [
    {
      "uuid": "c38d8567-8020-480e-b897-558f9aa72b6f",
      "title": "",
      "fullFile": "cypress\\e2e\\login-incorreto-mensagens-campos.cy.js",
      "file": "cypress\\e2e\\login-incorreto-mensagens-campos.cy.js",
      "beforeHooks": [],
      "afterHooks": [],
      "tests": [],
      "suites": [
        {
          "uuid": "3d8a3371-6d15-4330-a9da-85cdd1a95771",
          "title": "Página de login",
          "fullFile": "",
          "file": "",
          "beforeHooks": [],
          "afterHooks": [],
          "tests": [
            {
              "title": "Deve preencher os campos do login incorretamente e exibir mensagens de erro ao usuário na página",
              "fullTitle": "Página de login Deve preencher os campos do login incorretamente e exibir mensagens de erro ao usuário na página",
              "timedOut": null,
              "duration": 3274,
              "state": "passed",
              "speed": "fast",
              "pass": true,
              "fail": false,
              "pending": false,
              "context": null,
              "code": "cy.get('[data-test=\"input-loginEmail\"]').type('marjorie3');\ncy.get('[data-test=\"input-loginPassword\"]').type('123');\ncy.get('[data-test=\"submit-button\"]').click();\ncy.contains('Por favor, verifique o email digitado').should('be.visible');\ncy.contains('A senha deve conter pelo menos uma letra maiúscula, um número e ter entre 6 e 15 caracteres').should('be.visible');",
              "err": {},
              "uuid": "b1f5fad7-05cf-40f2-8ac3-a0114a86bbaa",
              "parentUUID": "3d8a3371-6d15-4330-a9da-85cdd1a95771",
              "isHook": false,
              "skipped": false
            }
          ],
          "suites": [],
          "passes": [
            "b1f5fad7-05cf-40f2-8ac3-a0114a86bbaa"
          ],
          "failures": [],
          "pending": [],
          "skipped": [],
          "duration": 3274,
          "root": false,
          "rootEmpty": false,
          "_timeout": 2000
        }
      ],
      "passes": [],
      "failures": [],
      "pending": [],
      "skipped": [],
      "duration": 0,
      "root": true,
      "rootEmpty": true,
      "_timeout": 2000
    }
  ],
  "meta": {
    "mocha": {
      "version": "7.0.1"
    },
    "mochawesome": {
      "options": {
        "quiet": false,
        "reportFilename": "mochawesome",
        "saveHtml": true,
        "saveJson": true,
        "consoleReporter": "spec",
        "useInlineDiffs": false,
        "code": true
      },
      "version": "7.1.3"
    },
    "marge": {
      "options": {
        "reportDir": "cypress/results",
        "overwrite": false,
        "html": true,
        "json": true,
        "timestamp": "mmddyyyy_HHMMss"
      },
      "version": "6.2.0"
    }
  }
}