{
  "stats": {
    "suites": 1,
    "tests": 1,
    "passes": 1,
    "pending": 0,
    "failures": 0,
    "start": "2024-02-14T21:47:02.346Z",
    "end": "2024-02-14T21:47:15.368Z",
    "duration": 13022,
    "testsRegistered": 1,
    "passPercent": 100,
    "pendingPercent": 0,
    "other": 0,
    "hasOther": false,
    "skipped": 0,
    "hasSkipped": false
  },
  "results": [
    {
      "uuid": "010adf66-9c36-4529-9775-1c07de27da7e",
      "title": "",
      "fullFile": "cypress\\e2e\\cadastro-massa.cy.js",
      "file": "cypress\\e2e\\cadastro-massa.cy.js",
      "beforeHooks": [],
      "afterHooks": [],
      "tests": [],
      "suites": [
        {
          "uuid": "e22c9f2c-ff00-4d79-a06d-bd8ebf9420f6",
          "title": "Página de cadastro",
          "fullFile": "",
          "file": "",
          "beforeHooks": [],
          "afterHooks": [],
          "tests": [
            {
              "title": "Deve preencher os campos do formulário corretamente para cadastrar um novo usuário",
              "fullTitle": "Página de cadastro Deve preencher os campos do formulário corretamente para cadastrar um novo usuário",
              "timedOut": null,
              "duration": 11182,
              "state": "passed",
              "speed": "slow",
              "pass": true,
              "fail": false,
              "pending": false,
              "context": null,
              "code": "_usuarios.usuarios.forEach(usuario => {\n  cy.get('[data-test=\"input-name\"]').clear().type(usuario.name);\n  cy.get('[data-test=\"input-email\"]').clear().type(usuario.email);\n  cy.get('[data-test=\"input-password\"]').clear().type(usuario.password);\n  cy.get('[data-test=\"input-confirm-password\"]').clear().type(usuario.password);\n  cy.get('[data-test=\"submit-button\"]').click();\n});",
              "err": {},
              "uuid": "bf146dfe-de27-457d-b64d-46ec7eb1e389",
              "parentUUID": "e22c9f2c-ff00-4d79-a06d-bd8ebf9420f6",
              "isHook": false,
              "skipped": false
            }
          ],
          "suites": [],
          "passes": [
            "bf146dfe-de27-457d-b64d-46ec7eb1e389"
          ],
          "failures": [],
          "pending": [],
          "skipped": [],
          "duration": 11182,
          "root": false,
          "rootEmpty": false,
          "_timeout": 2000
        }
      ],
      "passes": [],
      "failures": [],
      "pending": [],
      "skipped": [],
      "duration": 0,
      "root": true,
      "rootEmpty": true,
      "_timeout": 2000
    }
  ],
  "meta": {
    "mocha": {
      "version": "7.0.1"
    },
    "mochawesome": {
      "options": {
        "quiet": false,
        "reportFilename": "mochawesome",
        "saveHtml": true,
        "saveJson": true,
        "consoleReporter": "spec",
        "useInlineDiffs": false,
        "code": true
      },
      "version": "7.1.3"
    },
    "marge": {
      "options": {
        "reportDir": "cypress/results",
        "overwrite": false,
        "html": true,
        "json": true,
        "timestamp": "mmddyyyy_HHMMss"
      },
      "version": "6.2.0"
    }
  }
}