{
  "stats": {
    "suites": 1,
    "tests": 1,
    "passes": 1,
    "pending": 0,
    "failures": 0,
    "start": "2024-02-14T16:59:25.069Z",
    "end": "2024-02-14T16:59:29.287Z",
    "duration": 4218,
    "testsRegistered": 1,
    "passPercent": 100,
    "pendingPercent": 0,
    "other": 0,
    "hasOther": false,
    "skipped": 0,
    "hasSkipped": false
  },
  "results": [
    {
      "uuid": "0777a5c5-6e27-4b8d-8322-481e1f37b6be",
      "title": "",
      "fullFile": "cypress\\e2e\\login-before-command.cy.js",
      "file": "cypress\\e2e\\login-before-command.cy.js",
      "beforeHooks": [],
      "afterHooks": [],
      "tests": [],
      "suites": [
        {
          "uuid": "3df0a4b5-2e91-4ddd-8e04-824de45dd538",
          "title": "Página de login",
          "fullFile": "",
          "file": "",
          "beforeHooks": [],
          "afterHooks": [],
          "tests": [
            {
              "title": "Deve preencher os campos do login corretamente e autenticar o usuário na página",
              "fullTitle": "Página de login Deve preencher os campos do login corretamente e autenticar o usuário na página",
              "timedOut": null,
              "duration": 2486,
              "state": "passed",
              "speed": "fast",
              "pass": true,
              "fail": false,
              "pending": false,
              "context": null,
              "code": "cy.get('[data-test=\"login-button\"]').click();\ncy.login('marjorie@email.com', 'Senha123');",
              "err": {},
              "uuid": "589f6e23-8aab-4545-92c1-89b3fab44a9d",
              "parentUUID": "3df0a4b5-2e91-4ddd-8e04-824de45dd538",
              "isHook": false,
              "skipped": false
            }
          ],
          "suites": [],
          "passes": [
            "589f6e23-8aab-4545-92c1-89b3fab44a9d"
          ],
          "failures": [],
          "pending": [],
          "skipped": [],
          "duration": 2486,
          "root": false,
          "rootEmpty": false,
          "_timeout": 2000
        }
      ],
      "passes": [],
      "failures": [],
      "pending": [],
      "skipped": [],
      "duration": 0,
      "root": true,
      "rootEmpty": true,
      "_timeout": 2000
    }
  ],
  "meta": {
    "mocha": {
      "version": "7.0.1"
    },
    "mochawesome": {
      "options": {
        "quiet": false,
        "reportFilename": "mochawesome",
        "saveHtml": true,
        "saveJson": true,
        "consoleReporter": "spec",
        "useInlineDiffs": false,
        "code": true
      },
      "version": "7.1.3"
    },
    "marge": {
      "options": {
        "reportDir": "cypress/results",
        "overwrite": false,
        "html": true,
        "json": true,
        "timestamp": "mmddyyyy_HHMMss"
      },
      "version": "6.2.0"
    }
  }
}