{
  "stats": {
    "suites": 1,
    "tests": 1,
    "passes": 1,
    "pending": 0,
    "failures": 0,
    "start": "2024-02-26T14:59:57.420Z",
    "end": "2024-02-26T15:00:06.392Z",
    "duration": 8972,
    "testsRegistered": 1,
    "passPercent": 100,
    "pendingPercent": 0,
    "other": 0,
    "hasOther": false,
    "skipped": 0,
    "hasSkipped": false
  },
  "results": [
    {
      "uuid": "accd2d25-0a29-416a-b5d8-c87a18718c7a",
      "title": "",
      "fullFile": "cypress\\e2e\\cadastro-correto-pobjects.cy.js",
      "file": "cypress\\e2e\\cadastro-correto-pobjects.cy.js",
      "beforeHooks": [],
      "afterHooks": [],
      "tests": [],
      "suites": [
        {
          "uuid": "f5f4ab3e-1c76-4062-bc96-0f02febbb667",
          "title": "Página de cadastro",
          "fullFile": "",
          "file": "",
          "beforeHooks": [],
          "afterHooks": [],
          "tests": [
            {
              "title": "Deve preencher os campos do formulário corretamente para cadastrar um novo usuário",
              "fullTitle": "Página de cadastro Deve preencher os campos do formulário corretamente para cadastrar um novo usuário",
              "timedOut": null,
              "duration": 5021,
              "state": "passed",
              "speed": "medium",
              "pass": true,
              "fail": false,
              "pending": false,
              "context": null,
              "code": "_paginaCadastro.default.acessarPaginaDeCadastro();\n_paginaCadastro.default.preencherFormulario();\n_paginaCadastro.default.submeterCadastro();",
              "err": {},
              "uuid": "90c0a8ef-8340-41eb-9456-7eb02bee4fa0",
              "parentUUID": "f5f4ab3e-1c76-4062-bc96-0f02febbb667",
              "isHook": false,
              "skipped": false
            }
          ],
          "suites": [],
          "passes": [
            "90c0a8ef-8340-41eb-9456-7eb02bee4fa0"
          ],
          "failures": [],
          "pending": [],
          "skipped": [],
          "duration": 5021,
          "root": false,
          "rootEmpty": false,
          "_timeout": 2000
        }
      ],
      "passes": [],
      "failures": [],
      "pending": [],
      "skipped": [],
      "duration": 0,
      "root": true,
      "rootEmpty": true,
      "_timeout": 2000
    }
  ],
  "meta": {
    "mocha": {
      "version": "7.0.1"
    },
    "mochawesome": {
      "options": {
        "quiet": false,
        "reportFilename": "mochawesome",
        "saveHtml": true,
        "saveJson": true,
        "consoleReporter": "spec",
        "useInlineDiffs": false,
        "code": true
      },
      "version": "7.1.3"
    },
    "marge": {
      "options": {
        "reportDir": "cypress/results",
        "overwrite": false,
        "html": true,
        "json": true,
        "timestamp": "mmddyyyy_HHMMss"
      },
      "version": "6.2.0"
    }
  }
}