{
  "stats": {
    "suites": 1,
    "tests": 1,
    "passes": 0,
    "pending": 0,
    "failures": 1,
    "start": "2024-02-26T13:35:53.002Z",
    "end": "2024-02-26T13:35:53.724Z",
    "duration": 722,
    "testsRegistered": 1,
    "passPercent": 0,
    "pendingPercent": 0,
    "other": 0,
    "hasOther": false,
    "skipped": 0,
    "hasSkipped": false
  },
  "results": [
    {
      "uuid": "70e9ddfd-4553-406c-bb93-6cf32704d08b",
      "title": "",
      "fullFile": "cypress\\e2e\\req-api-login-env.cy.js",
      "file": "cypress\\e2e\\req-api-login-env.cy.js",
      "beforeHooks": [],
      "afterHooks": [],
      "tests": [],
      "suites": [
        {
          "uuid": "f777e18b-a1cb-4b8c-bd0b-431cbcc8fa20",
          "title": "Api Adopet",
          "fullFile": "",
          "file": "",
          "beforeHooks": [],
          "afterHooks": [],
          "tests": [
            {
              "title": "login",
              "fullTitle": "Api Adopet login",
              "timedOut": null,
              "duration": 636,
              "state": "failed",
              "speed": null,
              "pass": false,
              "fail": true,
              "pending": false,
              "context": null,
              "code": "cy.request({\n  method: 'POST',\n  url: 'https://adopetapi-pgks.onrender.com/adotante/login',\n  body: Cypress.env()\n}).then(res => {\n  expect(res.status).to.be.equal(201);\n  expect(res.body).is.not.empty;\n  // expect(res.body[0]).to.have.property('msg') to.have token\n  // expect(res.body[0].msg).to.be.equal('Amei o json') to.be.equal token\n});",
              "err": {
                "message": "CypressError: `cy.request()` failed on:\n\nhttps://adopetapi-pgks.onrender.com/adotante/login\n\nThe response we received from your web server was:\n\n  > 400: Bad Request\n\nThis was considered a failure because the status code was not `2xx` or `3xx`.\n\nIf you do not want status codes to cause failures pass the option: `failOnStatusCode: false`\n\n-----------------------------------------------------------\n\nThe request we sent was:\n\nMethod: POST\nURL: https://adopetapi-pgks.onrender.com/adotante/login\nHeaders: {\n  \"Connection\": \"keep-alive\",\n  \"user-agent\": \"Mozilla/5.0 (Windows NT 10.0; Win64; x64) AppleWebKit/537.36 (KHTML, like Gecko) Cypress/13.6.4 Chrome/114.0.5735.289 Electron/25.8.4 Safari/537.36\",\n  \"accept\": \"*/*\",\n  \"accept-encoding\": \"gzip, deflate\",\n  \"content-type\": \"application/json\",\n  \"content-length\": 295\n}\nBody: {\"email\":\"marjorie@email.com\",\"password\":\"Senha123\",\"token\":\"eyJhbGciOiJIUzI1NiIsInR5cCI6IkpXVCJ9.eyJzdWIiOiIwMzU5ZjcxYy03ZWQyLTRhYTktOWFlOS0xYWNhNzY0ZjY2OTEiLCJhZG9wdGVyTmFtZSI6Ik1hcmpvcmllIEVzdGlhbm8iLCJpYXQiOjE3MDczNDM0MjcsImV4cCI6MTcwNzYwMjYyN30.ViF7xTxktw9YntXgraETPICxgIulAgpygIVvFqo7hfE\"}\n\n-----------------------------------------------------------\n\nThe response we got was:\n\nStatus: 400 - Bad Request\nHeaders: {\n  \"date\": \"Mon, 26 Feb 2024 13:36:08 GMT\",\n  \"content-type\": \"application/json; charset=utf-8\",\n  \"content-length\": \"106\",\n  \"connection\": \"keep-alive\",\n  \"cf-ray\": \"85b89341aad2a4cf-GRU\",\n  \"cf-cache-status\": \"DYNAMIC\",\n  \"content-encoding\": \"gzip\",\n  \"etag\": \"W/\\\"56-3FyjirJ7jr2LTBrWs4PhIgtjnds\\\"\",\n  \"vary\": \"Accept-Encoding\",\n  \"access-control-allow-credentials\": \"true\",\n  \"access-control-expose-headers\": \"Authorization\",\n  \"rndr-id\": \"b4424b03-12bd-4bf3\",\n  \"x-powered-by\": \"Express\",\n  \"x-render-origin-server\": \"Render\",\n  \"server\": \"cloudflare\",\n  \"alt-svc\": \"h3=\\\":443\\\"; ma=86400\"\n}\nBody: {\n  \"statusCode\": 400,\n  \"message\": [\n    \"property token should not exist\"\n  ],\n  \"error\": \"Bad Request\"\n}\n\n\nhttps://on.cypress.io/request",
                "estack": "CypressError: `cy.request()` failed on:\n\nhttps://adopetapi-pgks.onrender.com/adotante/login\n\nThe response we received from your web server was:\n\n  > 400: Bad Request\n\nThis was considered a failure because the status code was not `2xx` or `3xx`.\n\nIf you do not want status codes to cause failures pass the option: `failOnStatusCode: false`\n\n-----------------------------------------------------------\n\nThe request we sent was:\n\nMethod: POST\nURL: https://adopetapi-pgks.onrender.com/adotante/login\nHeaders: {\n  \"Connection\": \"keep-alive\",\n  \"user-agent\": \"Mozilla/5.0 (Windows NT 10.0; Win64; x64) AppleWebKit/537.36 (KHTML, like Gecko) Cypress/13.6.4 Chrome/114.0.5735.289 Electron/25.8.4 Safari/537.36\",\n  \"accept\": \"*/*\",\n  \"accept-encoding\": \"gzip, deflate\",\n  \"content-type\": \"application/json\",\n  \"content-length\": 295\n}\nBody: {\"email\":\"marjorie@email.com\",\"password\":\"Senha123\",\"token\":\"eyJhbGciOiJIUzI1NiIsInR5cCI6IkpXVCJ9.eyJzdWIiOiIwMzU5ZjcxYy03ZWQyLTRhYTktOWFlOS0xYWNhNzY0ZjY2OTEiLCJhZG9wdGVyTmFtZSI6Ik1hcmpvcmllIEVzdGlhbm8iLCJpYXQiOjE3MDczNDM0MjcsImV4cCI6MTcwNzYwMjYyN30.ViF7xTxktw9YntXgraETPICxgIulAgpygIVvFqo7hfE\"}\n\n-----------------------------------------------------------\n\nThe response we got was:\n\nStatus: 400 - Bad Request\nHeaders: {\n  \"date\": \"Mon, 26 Feb 2024 13:36:08 GMT\",\n  \"content-type\": \"application/json; charset=utf-8\",\n  \"content-length\": \"106\",\n  \"connection\": \"keep-alive\",\n  \"cf-ray\": \"85b89341aad2a4cf-GRU\",\n  \"cf-cache-status\": \"DYNAMIC\",\n  \"content-encoding\": \"gzip\",\n  \"etag\": \"W/\\\"56-3FyjirJ7jr2LTBrWs4PhIgtjnds\\\"\",\n  \"vary\": \"Accept-Encoding\",\n  \"access-control-allow-credentials\": \"true\",\n  \"access-control-expose-headers\": \"Authorization\",\n  \"rndr-id\": \"b4424b03-12bd-4bf3\",\n  \"x-powered-by\": \"Express\",\n  \"x-render-origin-server\": \"Render\",\n  \"server\": \"cloudflare\",\n  \"alt-svc\": \"h3=\\\":443\\\"; ma=86400\"\n}\nBody: {\n  \"statusCode\": 400,\n  \"message\": [\n    \"property token should not exist\"\n  ],\n  \"error\": \"Bad Request\"\n}\n\n\nhttps://on.cypress.io/request\n    at <unknown> (http://localhost:54001/__cypress/runner/cypress_runner.js:133028:72)\n    at tryCatcher (http://localhost:54001/__cypress/runner/cypress_runner.js:1807:23)\n    at Promise._settlePromiseFromHandler (http://localhost:54001/__cypress/runner/cypress_runner.js:1519:31)\n    at Promise._settlePromise (http://localhost:54001/__cypress/runner/cypress_runner.js:1576:18)\n    at Promise._settlePromise0 (http://localhost:54001/__cypress/runner/cypress_runner.js:1621:10)\n    at Promise._settlePromises (http://localhost:54001/__cypress/runner/cypress_runner.js:1701:18)\n    at _drainQueueStep (http://localhost:54001/__cypress/runner/cypress_runner.js:2407:12)\n    at _drainQueue (http://localhost:54001/__cypress/runner/cypress_runner.js:2400:9)\n    at Async._drainQueues (http://localhost:54001/__cypress/runner/cypress_runner.js:2416:5)\n    at Async.drainQueues (http://localhost:54001/__cypress/runner/cypress_runner.js:2286:14)\nFrom Your Spec Code:\n    at Context.eval (webpack://curso_cypress/./cypress/e2e/req-api-login-env.cy.js:11:15)",
                "diff": null
              },
              "uuid": "649e91b1-7862-47ef-a9b9-5153c57210ff",
              "parentUUID": "f777e18b-a1cb-4b8c-bd0b-431cbcc8fa20",
              "isHook": false,
              "skipped": false
            }
          ],
          "suites": [],
          "passes": [],
          "failures": [
            "649e91b1-7862-47ef-a9b9-5153c57210ff"
          ],
          "pending": [],
          "skipped": [],
          "duration": 636,
          "root": false,
          "rootEmpty": false,
          "_timeout": 2000
        }
      ],
      "passes": [],
      "failures": [],
      "pending": [],
      "skipped": [],
      "duration": 0,
      "root": true,
      "rootEmpty": true,
      "_timeout": 2000
    }
  ],
  "meta": {
    "mocha": {
      "version": "7.0.1"
    },
    "mochawesome": {
      "options": {
        "quiet": false,
        "reportFilename": "mochawesome",
        "saveHtml": true,
        "saveJson": true,
        "consoleReporter": "spec",
        "useInlineDiffs": false,
        "code": true
      },
      "version": "7.1.3"
    },
    "marge": {
      "options": {
        "reportDir": "cypress/results",
        "overwrite": false,
        "html": true,
        "json": true,
        "timestamp": "mmddyyyy_HHMMss"
      },
      "version": "6.2.0"
    }
  }
}