{
  "stats": {
    "suites": 1,
    "tests": 6,
    "passes": 6,
    "pending": 0,
    "failures": 0,
    "start": "2024-02-26T15:00:43.528Z",
    "end": "2024-02-26T15:01:13.233Z",
    "duration": 29705,
    "testsRegistered": 6,
    "passPercent": 100,
    "pendingPercent": 0,
    "other": 0,
    "hasOther": false,
    "skipped": 0,
    "hasSkipped": false
  },
  "results": [
    {
      "uuid": "655065d6-ceea-41ec-8857-1a370aa0bf78",
      "title": "",
      "fullFile": "cypress\\e2e\\cadastro-massa.cy.js",
      "file": "cypress\\e2e\\cadastro-massa.cy.js",
      "beforeHooks": [],
      "afterHooks": [],
      "tests": [],
      "suites": [
        {
          "uuid": "372a3034-3f26-4a15-a2e9-080c707d0a90",
          "title": "Página de cadastro",
          "fullFile": "",
          "file": "",
          "beforeHooks": [],
          "afterHooks": [],
          "tests": [
            {
              "title": "Deve preencher os campos do formulário corretamente para cadastrar um novo usuário",
              "fullTitle": "Página de cadastro Deve preencher os campos do formulário corretamente para cadastrar um novo usuário",
              "timedOut": null,
              "duration": 5031,
              "state": "passed",
              "speed": "medium",
              "pass": true,
              "fail": false,
              "pending": false,
              "context": null,
              "code": "cy.get('[data-test=\"input-name\"]').focus().clear().type(usuario.name);\ncy.get('[data-test=\"input-email\"]').focus().clear().type(usuario.email);\ncy.get('[data-test=\"input-password\"]').focus().clear().type(usuario.password);\ncy.get('[data-test=\"input-confirm-password\"]').focus().clear().type(usuario.password);\ncy.get('[data-test=\"submit-button\"]').click();\ncy.wait(1000);",
              "err": {},
              "uuid": "1453c190-4add-47fe-a3a0-0f041a33b8c6",
              "parentUUID": "372a3034-3f26-4a15-a2e9-080c707d0a90",
              "isHook": false,
              "skipped": false
            },
            {
              "title": "Deve preencher os campos do formulário corretamente para cadastrar um novo usuário",
              "fullTitle": "Página de cadastro Deve preencher os campos do formulário corretamente para cadastrar um novo usuário",
              "timedOut": null,
              "duration": 4364,
              "state": "passed",
              "speed": "fast",
              "pass": true,
              "fail": false,
              "pending": false,
              "context": null,
              "code": "cy.get('[data-test=\"input-name\"]').focus().clear().type(usuario.name);\ncy.get('[data-test=\"input-email\"]').focus().clear().type(usuario.email);\ncy.get('[data-test=\"input-password\"]').focus().clear().type(usuario.password);\ncy.get('[data-test=\"input-confirm-password\"]').focus().clear().type(usuario.password);\ncy.get('[data-test=\"submit-button\"]').click();\ncy.wait(1000);",
              "err": {},
              "uuid": "9c960add-0769-452b-a6a1-c6442407d1c0",
              "parentUUID": "372a3034-3f26-4a15-a2e9-080c707d0a90",
              "isHook": false,
              "skipped": false
            },
            {
              "title": "Deve preencher os campos do formulário corretamente para cadastrar um novo usuário",
              "fullTitle": "Página de cadastro Deve preencher os campos do formulário corretamente para cadastrar um novo usuário",
              "timedOut": null,
              "duration": 4689,
              "state": "passed",
              "speed": "fast",
              "pass": true,
              "fail": false,
              "pending": false,
              "context": null,
              "code": "cy.get('[data-test=\"input-name\"]').focus().clear().type(usuario.name);\ncy.get('[data-test=\"input-email\"]').focus().clear().type(usuario.email);\ncy.get('[data-test=\"input-password\"]').focus().clear().type(usuario.password);\ncy.get('[data-test=\"input-confirm-password\"]').focus().clear().type(usuario.password);\ncy.get('[data-test=\"submit-button\"]').click();\ncy.wait(1000);",
              "err": {},
              "uuid": "21a037fe-f7de-4e90-bd13-0d350254a8a3",
              "parentUUID": "372a3034-3f26-4a15-a2e9-080c707d0a90",
              "isHook": false,
              "skipped": false
            },
            {
              "title": "Deve preencher os campos do formulário corretamente para cadastrar um novo usuário",
              "fullTitle": "Página de cadastro Deve preencher os campos do formulário corretamente para cadastrar um novo usuário",
              "timedOut": null,
              "duration": 4288,
              "state": "passed",
              "speed": "fast",
              "pass": true,
              "fail": false,
              "pending": false,
              "context": null,
              "code": "cy.get('[data-test=\"input-name\"]').focus().clear().type(usuario.name);\ncy.get('[data-test=\"input-email\"]').focus().clear().type(usuario.email);\ncy.get('[data-test=\"input-password\"]').focus().clear().type(usuario.password);\ncy.get('[data-test=\"input-confirm-password\"]').focus().clear().type(usuario.password);\ncy.get('[data-test=\"submit-button\"]').click();\ncy.wait(1000);",
              "err": {},
              "uuid": "fbce632b-2eda-478a-acc4-d41c18ce8827",
              "parentUUID": "372a3034-3f26-4a15-a2e9-080c707d0a90",
              "isHook": false,
              "skipped": false
            },
            {
              "title": "Deve preencher os campos do formulário corretamente para cadastrar um novo usuário",
              "fullTitle": "Página de cadastro Deve preencher os campos do formulário corretamente para cadastrar um novo usuário",
              "timedOut": null,
              "duration": 4374,
              "state": "passed",
              "speed": "fast",
              "pass": true,
              "fail": false,
              "pending": false,
              "context": null,
              "code": "cy.get('[data-test=\"input-name\"]').focus().clear().type(usuario.name);\ncy.get('[data-test=\"input-email\"]').focus().clear().type(usuario.email);\ncy.get('[data-test=\"input-password\"]').focus().clear().type(usuario.password);\ncy.get('[data-test=\"input-confirm-password\"]').focus().clear().type(usuario.password);\ncy.get('[data-test=\"submit-button\"]').click();\ncy.wait(1000);",
              "err": {},
              "uuid": "3b5db22f-ce23-46d6-9e6f-a7a4351c51bd",
              "parentUUID": "372a3034-3f26-4a15-a2e9-080c707d0a90",
              "isHook": false,
              "skipped": false
            },
            {
              "title": "Deve preencher os campos do formulário corretamente para cadastrar um novo usuário",
              "fullTitle": "Página de cadastro Deve preencher os campos do formulário corretamente para cadastrar um novo usuário",
              "timedOut": null,
              "duration": 4342,
              "state": "passed",
              "speed": "fast",
              "pass": true,
              "fail": false,
              "pending": false,
              "context": null,
              "code": "cy.get('[data-test=\"input-name\"]').focus().clear().type(usuario.name);\ncy.get('[data-test=\"input-email\"]').focus().clear().type(usuario.email);\ncy.get('[data-test=\"input-password\"]').focus().clear().type(usuario.password);\ncy.get('[data-test=\"input-confirm-password\"]').focus().clear().type(usuario.password);\ncy.get('[data-test=\"submit-button\"]').click();\ncy.wait(1000);",
              "err": {},
              "uuid": "423e123e-e78e-4f2f-a3dc-42fe39a8fc14",
              "parentUUID": "372a3034-3f26-4a15-a2e9-080c707d0a90",
              "isHook": false,
              "skipped": false
            }
          ],
          "suites": [],
          "passes": [
            "1453c190-4add-47fe-a3a0-0f041a33b8c6",
            "9c960add-0769-452b-a6a1-c6442407d1c0",
            "21a037fe-f7de-4e90-bd13-0d350254a8a3",
            "fbce632b-2eda-478a-acc4-d41c18ce8827",
            "3b5db22f-ce23-46d6-9e6f-a7a4351c51bd",
            "423e123e-e78e-4f2f-a3dc-42fe39a8fc14"
          ],
          "failures": [],
          "pending": [],
          "skipped": [],
          "duration": 27088,
          "root": false,
          "rootEmpty": false,
          "_timeout": 2000
        }
      ],
      "passes": [],
      "failures": [],
      "pending": [],
      "skipped": [],
      "duration": 0,
      "root": true,
      "rootEmpty": true,
      "_timeout": 2000
    }
  ],
  "meta": {
    "mocha": {
      "version": "7.0.1"
    },
    "mochawesome": {
      "options": {
        "quiet": false,
        "reportFilename": "mochawesome",
        "saveHtml": true,
        "saveJson": true,
        "consoleReporter": "spec",
        "useInlineDiffs": false,
        "code": true
      },
      "version": "7.1.3"
    },
    "marge": {
      "options": {
        "reportDir": "cypress/results",
        "overwrite": false,
        "html": true,
        "json": true,
        "timestamp": "mmddyyyy_HHMMss"
      },
      "version": "6.2.0"
    }
  }
}