{
  "stats": {
    "suites": 1,
    "tests": 1,
    "passes": 1,
    "pending": 0,
    "failures": 0,
    "start": "2024-02-26T15:12:10.508Z",
    "end": "2024-02-26T15:12:17.787Z",
    "duration": 7279,
    "testsRegistered": 1,
    "passPercent": 100,
    "pendingPercent": 0,
    "other": 0,
    "hasOther": false,
    "skipped": 0,
    "hasSkipped": false
  },
  "results": [
    {
      "uuid": "9f3a6df6-d86c-43e7-976e-a862e3025e8f",
      "title": "",
      "fullFile": "cypress\\e2e\\cadastro-correto-pobjects.cy.js",
      "file": "cypress\\e2e\\cadastro-correto-pobjects.cy.js",
      "beforeHooks": [],
      "afterHooks": [],
      "tests": [],
      "suites": [
        {
          "uuid": "a35130f6-b72a-4754-9c5a-ffa68a18d52c",
          "title": "Página de cadastro",
          "fullFile": "",
          "file": "",
          "beforeHooks": [],
          "afterHooks": [],
          "tests": [
            {
              "title": "Deve preencher os campos do formulário corretamente para cadastrar um novo usuário",
              "fullTitle": "Página de cadastro Deve preencher os campos do formulário corretamente para cadastrar um novo usuário",
              "timedOut": null,
              "duration": 4675,
              "state": "passed",
              "speed": "fast",
              "pass": true,
              "fail": false,
              "pending": false,
              "context": null,
              "code": "_paginaCadastro.default.acessarPaginaDeCadastro();\n_paginaCadastro.default.preencherFormulario();\n_paginaCadastro.default.submeterCadastro();",
              "err": {},
              "uuid": "2526e980-85b5-4dec-aaf4-db7862945a85",
              "parentUUID": "a35130f6-b72a-4754-9c5a-ffa68a18d52c",
              "isHook": false,
              "skipped": false
            }
          ],
          "suites": [],
          "passes": [
            "2526e980-85b5-4dec-aaf4-db7862945a85"
          ],
          "failures": [],
          "pending": [],
          "skipped": [],
          "duration": 4675,
          "root": false,
          "rootEmpty": false,
          "_timeout": 2000
        }
      ],
      "passes": [],
      "failures": [],
      "pending": [],
      "skipped": [],
      "duration": 0,
      "root": true,
      "rootEmpty": true,
      "_timeout": 2000
    }
  ],
  "meta": {
    "mocha": {
      "version": "7.0.1"
    },
    "mochawesome": {
      "options": {
        "quiet": false,
        "reportFilename": "mochawesome",
        "saveHtml": true,
        "saveJson": true,
        "consoleReporter": "spec",
        "useInlineDiffs": false,
        "code": true
      },
      "version": "7.1.3"
    },
    "marge": {
      "options": {
        "reportDir": "cypress/results",
        "overwrite": false,
        "html": true,
        "json": true,
        "timestamp": "mmddyyyy_HHMMss"
      },
      "version": "6.2.0"
    }
  }
}