{
  "stats": {
    "suites": 1,
    "tests": 1,
    "passes": 1,
    "pending": 0,
    "failures": 0,
    "start": "2024-02-26T14:29:03.262Z",
    "end": "2024-02-26T14:29:05.045Z",
    "duration": 1783,
    "testsRegistered": 1,
    "passPercent": 100,
    "pendingPercent": 0,
    "other": 0,
    "hasOther": false,
    "skipped": 0,
    "hasSkipped": false
  },
  "results": [
    {
      "uuid": "6bf95a0d-cbc0-4bee-8c7d-25b480ee756b",
      "title": "",
      "fullFile": "cypress\\e2e\\perfil-nome-api.cy.js",
      "file": "cypress\\e2e\\perfil-nome-api.cy.js",
      "beforeHooks": [],
      "afterHooks": [],
      "tests": [],
      "suites": [
        {
          "uuid": "d820c446-37ae-4f4b-a702-cf2503846bff",
          "title": "Api Adopet",
          "fullFile": "",
          "file": "",
          "beforeHooks": [],
          "afterHooks": [],
          "tests": [
            {
              "title": "Nome do perfil",
              "fullTitle": "Api Adopet Nome do perfil",
              "timedOut": null,
              "duration": 1706,
              "state": "passed",
              "speed": "fast",
              "pass": true,
              "fail": false,
              "pending": false,
              "context": null,
              "code": "cy.request({\n  method: 'GET',\n  url: 'https://adopet-api-i8qu.onrender.com/adotante/perfil/0dd7ead6-eb41-45dd-8a75-03b02285bbe7',\n  headers: {\n    authorization\n  }\n}).then(res => {\n  expect(res.status).to.be.equal(200);\n  expect(res.body).is.not.empty;\n  expect(res.body).to.have.property('perfil');\n  expect(res.body.perfil.nome).to.be.equal('camila');\n});",
              "err": {},
              "uuid": "18db66bd-d6d1-4d79-888c-1b1bf3c8af43",
              "parentUUID": "d820c446-37ae-4f4b-a702-cf2503846bff",
              "isHook": false,
              "skipped": false
            }
          ],
          "suites": [],
          "passes": [
            "18db66bd-d6d1-4d79-888c-1b1bf3c8af43"
          ],
          "failures": [],
          "pending": [],
          "skipped": [],
          "duration": 1706,
          "root": false,
          "rootEmpty": false,
          "_timeout": 2000
        }
      ],
      "passes": [],
      "failures": [],
      "pending": [],
      "skipped": [],
      "duration": 0,
      "root": true,
      "rootEmpty": true,
      "_timeout": 2000
    }
  ],
  "meta": {
    "mocha": {
      "version": "7.0.1"
    },
    "mochawesome": {
      "options": {
        "quiet": false,
        "reportFilename": "mochawesome",
        "saveHtml": true,
        "saveJson": true,
        "consoleReporter": "spec",
        "useInlineDiffs": false,
        "code": true
      },
      "version": "7.1.3"
    },
    "marge": {
      "options": {
        "reportDir": "cypress/results",
        "overwrite": false,
        "html": true,
        "json": true,
        "timestamp": "mmddyyyy_HHMMss"
      },
      "version": "6.2.0"
    }
  }
}